<?xml version="1.0" encoding="UTF-8"?>
<testng-results skipped="0" failed="0" total="4" passed="4">
  <reporter-output>
  </reporter-output>
  <suite name="Suite" duration-ms="42" started-at="2020-01-08T02:53:30Z" finished-at="2020-01-08T02:53:30Z">
    <groups>
    </groups>
    <test name="Test" duration-ms="42" started-at="2020-01-08T02:53:30Z" finished-at="2020-01-08T02:53:30Z">
      <class name="TestNG.test.testBase.firstTetst">
        <test-method status="PASS" signature="beforeSuite()[pri:0, instance:TestNG.test.testBase.firstTetst@224edc67]" name="beforeSuite" is-config="true" duration-ms="21" started-at="2020-01-08T08:23:30Z" finished-at="2020-01-08T08:23:30Z">
          <reporter-output>
          </reporter-output>
        </test-method> <!-- beforeSuite -->
        <test-method status="PASS" signature="beforeTest()[pri:0, instance:TestNG.test.testBase.firstTetst@224edc67]" name="beforeTest" is-config="true" duration-ms="1" started-at="2020-01-08T08:23:30Z" finished-at="2020-01-08T08:23:30Z">
          <reporter-output>
          </reporter-output>
        </test-method> <!-- beforeTest -->
        <test-method status="PASS" signature="beforeClass()[pri:0, instance:TestNG.test.testBase.firstTetst@224edc67]" name="beforeClass" is-config="true" duration-ms="0" started-at="2020-01-08T08:23:30Z" finished-at="2020-01-08T08:23:30Z">
          <reporter-output>
          </reporter-output>
        </test-method> <!-- beforeClass -->
        <test-method status="PASS" signature="beforeMethod()[pri:0, instance:TestNG.test.testBase.firstTetst@224edc67]" name="beforeMethod" is-config="true" duration-ms="1" started-at="2020-01-08T08:23:30Z" finished-at="2020-01-08T08:23:30Z">
          <reporter-output>
          </reporter-output>
        </test-method> <!-- beforeMethod -->
        <test-method status="PASS" signature="plain()[pri:0, instance:TestNG.test.testBase.firstTetst@224edc67]" name="plain" duration-ms="5" started-at="2020-01-08T08:23:30Z" finished-at="2020-01-08T08:23:30Z">
          <reporter-output>
          </reporter-output>
        </test-method> <!-- plain -->
        <test-method status="PASS" signature="afterMethod()[pri:0, instance:TestNG.test.testBase.firstTetst@224edc67]" name="afterMethod" is-config="true" duration-ms="0" started-at="2020-01-08T08:23:30Z" finished-at="2020-01-08T08:23:30Z">
          <reporter-output>
          </reporter-output>
        </test-method> <!-- afterMethod -->
        <test-method status="PASS" signature="afterClass()[pri:0, instance:TestNG.test.testBase.firstTetst@224edc67]" name="afterClass" is-config="true" duration-ms="1" started-at="2020-01-08T08:23:30Z" finished-at="2020-01-08T08:23:30Z">
          <reporter-output>
          </reporter-output>
        </test-method> <!-- afterClass -->
        <test-method status="PASS" signature="afterTest()[pri:0, instance:TestNG.test.testBase.firstTetst@224edc67]" name="afterTest" is-config="true" duration-ms="0" started-at="2020-01-08T08:23:30Z" finished-at="2020-01-08T08:23:30Z">
          <reporter-output>
          </reporter-output>
        </test-method> <!-- afterTest -->
        <test-method status="PASS" signature="afterSuite()[pri:0, instance:TestNG.test.testBase.firstTetst@224edc67]" name="afterSuite" is-config="true" duration-ms="1" started-at="2020-01-08T08:23:30Z" finished-at="2020-01-08T08:23:30Z">
          <reporter-output>
          </reporter-output>
        </test-method> <!-- afterSuite -->
      </class> <!-- TestNG.test.testBase.firstTetst -->
      <class name="TestNG.test.testBase.thirdTest">
        <test-method status="PASS" signature="assertFalse()[pri:0, instance:TestNG.test.testBase.thirdTest@4c70fda8]" name="assertFalse" duration-ms="1" started-at="2020-01-08T08:23:30Z" finished-at="2020-01-08T08:23:30Z">
          <reporter-output>
          </reporter-output>
        </test-method> <!-- assertFalse -->
      </class> <!-- TestNG.test.testBase.thirdTest -->
      <class name="TestNG.test.testBase.secondTest">
        <test-method status="PASS" signature="assertTrue()[pri:0, instance:TestNG.test.testBase.secondTest@c038203]" name="assertTrue" duration-ms="4" started-at="2020-01-08T08:23:30Z" finished-at="2020-01-08T08:23:30Z">
          <reporter-output>
          </reporter-output>
        </test-method> <!-- assertTrue -->
      </class> <!-- TestNG.test.testBase.secondTest -->
      <class name="TestNG.test.testBase.FourthTest">
        <test-method status="PASS" signature="assertFAIL()[pri:0, instance:TestNG.test.testBase.FourthTest@523884b2]" name="assertFAIL" duration-ms="1" started-at="2020-01-08T08:23:30Z" finished-at="2020-01-08T08:23:30Z">
          <reporter-output>
          </reporter-output>
        </test-method> <!-- assertFAIL -->
      </class> <!-- TestNG.test.testBase.FourthTest -->
    </test> <!-- Test -->
  </suite> <!-- Suite -->
</testng-results>
