<?xml version="1.0" encoding="UTF-8"?>
<!-- Generated by org.testng.reporters.JUnitXMLReporter -->
<testsuite hostname="MYNB115" name="Test" tests="4" failures="0" timestamp="8 Jan 2020 02:53:30 GMT" time="0.042" errors="0">
  <testcase name="plain" time="0.005" classname="TestNG.test.testBase.firstTetst"/>
  <testcase name="assertTrue" time="0.004" classname="TestNG.test.testBase.secondTest"/>
  <testcase name="assertFalse" time="0.001" classname="TestNG.test.testBase.thirdTest"/>
  <testcase name="assertFAIL" time="0.001" classname="TestNG.test.testBase.FourthTest"/>
</testsuite> <!-- Test -->
