<?xml version="1.0" encoding="UTF-8"?>
<!-- Generated by org.testng.reporters.JUnitXMLReporter -->
<testsuite hostname="MYNB115" name="Default test" tests="4" failures="0" timestamp="6 Jan 2020 09:35:17 GMT" time="0.075" errors="0">
  <testcase name="assertFAIL" time="0.007" classname="TestNG.test.testBase.NewTest"/>
  <testcase name="assertFalse" time="0.004" classname="TestNG.test.testBase.NewTest"/>
  <testcase name="assertTrue" time="0.004" classname="TestNG.test.testBase.NewTest"/>
  <testcase name="plain" time="0.001" classname="TestNG.test.testBase.NewTest"/>
</testsuite> <!-- Default test -->
